************* Module myPY
__init__.py:1: [C0103, ] Module name "myPY" doesn't conform to snake_case naming style (invalid-name)
************* Module myPY.hello2
hello2.py:6: [C0325, ] Unnecessary parens after 'print' keyword (superfluous-parens)
hello2.py:8: [W0312, ] Found indentation with tabs instead of spaces (mixed-indentation)
hello2.py:12: [C0325, ] Unnecessary parens after 'print' keyword (superfluous-parens)
hello2.py:13: [C0325, ] Unnecessary parens after 'print' keyword (superfluous-parens)
hello2.py:15: [C0304, ] Final newline missing (missing-final-newline)
hello2.py:15: [C0325, ] Unnecessary parens after 'print' keyword (superfluous-parens)
hello2.py:1: [C0111, ] Missing module docstring (missing-docstring)
hello2.py:1: [C0103, hello_machine2] Class name "hello_machine2" doesn't conform to PascalCase naming style (invalid-name)
hello2.py:1: [C0111, hello_machine2] Missing class docstring (missing-docstring)
hello2.py:1: [C1001, hello_machine2] Old-style class defined. (old-style-class)
hello2.py:5: [C0111, hello_machine2.hello_12] Missing method docstring (missing-docstring)
hello2.py:5: [R0201, hello_machine2.hello_12] Method could be a function (no-self-use)
hello2.py:7: [C0111, hello_machine2.hello_23] Missing method docstring (missing-docstring)
hello2.py:7: [R0201, hello_machine2.hello_23] Method could be a function (no-self-use)
hello2.py:10: [C0103, ] Constant name "a" doesn't conform to UPPER_CASE naming style (invalid-name)
hello2.py:10: [E0602, ] Undefined variable 'hello_machine' (undefined-variable)
************* Module myPY.hello
hello.py:6: [C0325, ] Unnecessary parens after 'print' keyword (superfluous-parens)
hello.py:8: [W0312, ] Found indentation with tabs instead of spaces (mixed-indentation)
hello.py:12: [C0325, ] Unnecessary parens after 'print' keyword (superfluous-parens)
hello.py:13: [C0325, ] Unnecessary parens after 'print' keyword (superfluous-parens)
hello.py:15: [C0325, ] Unnecessary parens after 'print' keyword (superfluous-parens)
hello.py:16: [C0305, ] Trailing newlines (trailing-newlines)
hello.py:1: [C0111, ] Missing module docstring (missing-docstring)
hello.py:1: [C0103, hello_machine] Class name "hello_machine" doesn't conform to PascalCase naming style (invalid-name)
hello.py:1: [C0111, hello_machine] Missing class docstring (missing-docstring)
hello.py:1: [C1001, hello_machine] Old-style class defined. (old-style-class)
hello.py:5: [C0111, hello_machine.hello_1] Missing method docstring (missing-docstring)
hello.py:5: [R0201, hello_machine.hello_1] Method could be a function (no-self-use)
hello.py:7: [C0111, hello_machine.hello_2] Missing method docstring (missing-docstring)
hello.py:7: [R0201, hello_machine.hello_2] Method could be a function (no-self-use)
hello.py:10: [C0103, ] Constant name "a" doesn't conform to UPPER_CASE naming style (invalid-name)

--------------------------------------------------------------------
Your code has been rated at -6.36/10 (previous run: -6.36/10, +0.00)

